<?xml version="1.0" encoding="UTF-8"?>
<testsuite name="SecretsTest" tests="8" skipped="0" failures="0" errors="0" timestamp="2026-02-26T21:33:41.380Z" hostname="NAHSEV" time="0.092">
  <properties/>
  <testcase name="flip bits in 38_460" classname="SecretsTest" time="0.063"/>
  <testcase name="set bits in 5" classname="SecretsTest" time="0.001"/>
  <testcase name="set bits in 5_652" classname="SecretsTest" time="0.001"/>
  <testcase name="clear bits from 5" classname="SecretsTest" time="0.001"/>
  <testcase name="shift -2_144_333_657 back 3 places" classname="SecretsTest" time="0.001"/>
  <testcase name="flip bits in 5" classname="SecretsTest" time="0.0"/>
  <testcase name="shift 8 back 2 places" classname="SecretsTest" time="0.001"/>
  <testcase name="clear bits from 90" classname="SecretsTest" time="0.001"/>
  <system-out><![CDATA[]]></system-out>
  <system-err><![CDATA[]]></system-err>
</testsuite>
